# JRE version: OpenJDK Runtime Environment (17.0.6) (build 17.0.6+0-b2043.56-10027231)
# Java VM: OpenJDK 64-Bit Server VM (17.0.6+0-b2043.56-10027231, mixed mode, tiered, compressed oops, compressed class ptrs, g1 gc, windows-amd64)
GC Precious Log:
 CPUs: 8 total, 8 available
 Memory: 16256M
 Large Page Support: Disabled
 NUMA Support: Disabled
 Compressed Oops: Enabled (32-bit)
 Heap Region Size: 1M
 Heap Min Capacity: 8M
 Heap Initial Capacity: 256M
 Heap Max Capacity: 2G
 Pre-touch: Disabled
 Parallel Workers: 8
 Concurrent Workers: 2
 Concurrent Refinement Workers: 8
 Periodic GC: Disabled
Heap:
 garbage-first heap   total 217088K, used 174597K [0x0000000080000000, 0x0000000100000000)
  region size 1024K, 58 young (59392K), 4 survivors (4096K)
 Metaspace       used 123333K, committed 124288K, reserved 1163264K
  class space    used 17040K, committed 17472K, reserved 1048576K
GC Heap History (20 events):
Event: 18.096 GC heap before
{Heap before GC invocations=47 (full 0):
 garbage-first heap   total 177152K, used 129608K [0x0000000080000000, 0x0000000100000000)
  region size 1024K, 10 young (10240K), 7 survivors (7168K)
 Metaspace       used 100838K, committed 101632K, reserved 1138688K
  class space    used 13736K, committed 14144K, reserved 1048576K
}
Event: 18.099 GC heap after
{Heap after GC invocations=48 (full 0):
 garbage-first heap   total 177152K, used 107814K [0x0000000080000000, 0x0000000100000000)
  region size 1024K, 2 young (2048K), 2 survivors (2048K)
 Metaspace       used 100838K, committed 101632K, reserved 1138688K
  class space    used 13736K, committed 14144K, reserved 1048576K
}
Event: 258.925 GC heap before
{Heap before GC invocations=48 (full 0):
 garbage-first heap   total 177152K, used 160038K [0x0000000080000000, 0x0000000100000000)
  region size 1024K, 41 young (41984K), 2 survivors (2048K)
 Metaspace       used 102220K, committed 102976K, reserved 1138688K
  class space    used 13918K, committed 14272K, reserved 1048576K
}
Event: 258.929 GC heap after
{Heap after GC invocations=49 (full 0):
 garbage-first heap   total 177152K, used 107915K [0x0000000080000000, 0x0000000100000000)
  region size 1024K, 4 young (4096K), 4 survivors (4096K)
 Metaspace       used 102220K, committed 102976K, reserved 1138688K
  class space    used 13918K, committed 14272K, reserved 1048576K
}
Event: 260.152 GC heap before
{Heap before GC invocations=49 (full 0):
 garbage-first heap   total 177152K, used 146827K [0x0000000080000000, 0x0000000100000000)
  region size 1024K, 43 young (44032K), 4 survivors (4096K)
 Metaspace       used 102850K, committed 103616K, reserved 1138688K
  class space    used 13938K, committed 14336K, reserved 1048576K
}
Event: 260.159 GC heap after
{Heap after GC invocations=50 (full 0):
 garbage-first heap   total 177152K, used 113170K [0x0000000080000000, 0x0000000100000000)
  region size 1024K, 6 young (6144K), 6 survivors (6144K)
 Metaspace       used 102850K, committed 103616K, reserved 1138688K
  class space    used 13938K, committed 14336K, reserved 1048576K
}
Event: 260.849 GC heap before
{Heap before GC invocations=50 (full 0):
 garbage-first heap   total 177152K, used 145938K [0x0000000080000000, 0x0000000100000000)
  region size 1024K, 39 young (39936K), 6 survivors (6144K)
 Metaspace       used 104603K, committed 105408K, reserved 1146880K
  class space    used 14143K, committed 14528K, reserved 1048576K
}
Event: 260.855 GC heap after
{Heap after GC invocations=51 (full 0):
 garbage-first heap   total 177152K, used 117219K [0x0000000080000000, 0x0000000100000000)
  region size 1024K, 4 young (4096K), 4 survivors (4096K)
 Metaspace       used 104603K, committed 105408K, reserved 1146880K
  class space    used 14143K, committed 14528K, reserved 1048576K
}
Event: 262.661 GC heap before
{Heap before GC invocations=51 (full 0):
 garbage-first heap   total 177152K, used 146915K [0x0000000080000000, 0x0000000100000000)
  region size 1024K, 34 young (34816K), 4 survivors (4096K)
 Metaspace       used 107416K, committed 108288K, reserved 1146880K
  class space    used 14556K, committed 14976K, reserved 1048576K
}
Event: 262.665 GC heap after
{Heap after GC invocations=52 (full 0):
 garbage-first heap   total 177152K, used 120531K [0x0000000080000000, 0x0000000100000000)
  region size 1024K, 4 young (4096K), 4 survivors (4096K)
 Metaspace       used 107416K, committed 108288K, reserved 1146880K
  class space    used 14556K, committed 14976K, reserved 1048576K
}
Event: 263.104 GC heap before
{Heap before GC invocations=52 (full 0):
 garbage-first heap   total 177152K, used 147155K [0x0000000080000000, 0x0000000100000000)
  region size 1024K, 31 young (31744K), 4 survivors (4096K)
 Metaspace       used 109916K, committed 110784K, reserved 1146880K
  class space    used 14922K, committed 15360K, reserved 1048576K
}
Event: 263.108 GC heap after
{Heap after GC invocations=53 (full 0):
 garbage-first heap   total 177152K, used 123146K [0x0000000080000000, 0x0000000100000000)
  region size 1024K, 3 young (3072K), 3 survivors (3072K)
 Metaspace       used 109916K, committed 110784K, reserved 1146880K
  class space    used 14922K, committed 15360K, reserved 1048576K
}
Event: 263.352 GC heap before
{Heap before GC invocations=53 (full 0):
 garbage-first heap   total 177152K, used 133386K [0x0000000080000000, 0x0000000100000000)
  region size 1024K, 15 young (15360K), 3 survivors (3072K)
 Metaspace       used 113315K, committed 114176K, reserved 1155072K
  class space    used 15381K, committed 15808K, reserved 1048576K
}
Event: 263.355 GC heap after
{Heap after GC invocations=54 (full 0):
 garbage-first heap   total 177152K, used 124038K [0x0000000080000000, 0x0000000100000000)
  region size 1024K, 1 young (1024K), 1 survivors (1024K)
 Metaspace       used 113315K, committed 114176K, reserved 1155072K
  class space    used 15381K, committed 15808K, reserved 1048576K
}
Event: 263.750 GC heap before
{Heap before GC invocations=55 (full 0):
 garbage-first heap   total 217088K, used 145542K [0x0000000080000000, 0x0000000100000000)
  region size 1024K, 23 young (23552K), 1 survivors (1024K)
 Metaspace       used 119148K, committed 120064K, reserved 1155072K
  class space    used 16336K, committed 16768K, reserved 1048576K
}
Event: 263.753 GC heap after
{Heap after GC invocations=56 (full 0):
 garbage-first heap   total 217088K, used 124625K [0x0000000080000000, 0x0000000100000000)
  region size 1024K, 2 young (2048K), 2 survivors (2048K)
 Metaspace       used 119148K, committed 120064K, reserved 1155072K
  class space    used 16336K, committed 16768K, reserved 1048576K
}
Event: 264.014 GC heap before
{Heap before GC invocations=56 (full 0):
 garbage-first heap   total 217088K, used 132817K [0x0000000080000000, 0x0000000100000000)
  region size 1024K, 10 young (10240K), 2 survivors (2048K)
 Metaspace       used 120860K, committed 121792K, reserved 1155072K
  class space    used 16643K, committed 17088K, reserved 1048576K
}
Event: 264.019 GC heap after
{Heap after GC invocations=57 (full 0):
 garbage-first heap   total 217088K, used 118576K [0x0000000080000000, 0x0000000100000000)
  region size 1024K, 2 young (2048K), 2 survivors (2048K)
 Metaspace       used 120860K, committed 121792K, reserved 1155072K
  class space    used 16643K, committed 17088K, reserved 1048576K
}
Event: 467.276 GC heap before
{Heap before GC invocations=57 (full 0):
 garbage-first heap   total 217088K, used 192304K [0x0000000080000000, 0x0000000100000000)
  region size 1024K, 61 young (62464K), 2 survivors (2048K)
 Metaspace       used 122951K, committed 123840K, reserved 1163264K
  class space    used 17019K, committed 17472K, reserved 1048576K
}
Event: 467.280 GC heap after
{Heap after GC invocations=58 (full 0):
 garbage-first heap   total 217088K, used 121349K [0x0000000080000000, 0x0000000100000000)
  region size 1024K, 4 young (4096K), 4 survivors (4096K)
 Metaspace       used 122951K, committed 123840K, reserved 1163264K
  class space    used 17019K, committed 17472K, reserved 1048576K
}

